2019-04-25 07:21:14,098 - INFO - allennlp.common.params - evaluate_on_test = False
2019-04-25 07:21:14,098 - INFO - allennlp.common.from_params - instantiating class <class 'allennlp.data.dataset_readers.dataset_reader.DatasetReader'> from params {'token_indexers': {'tokens': {'pretrained_model': 'bert-base-uncased', 'type': 'bert-pretrained'}}, 'type': 'sst_tokens'} and extras set()
2019-04-25 07:21:14,098 - INFO - allennlp.common.params - dataset_reader.type = sst_tokens
2019-04-25 07:21:14,098 - INFO - allennlp.common.from_params - instantiating class <class 'allennlp.data.dataset_readers.stanford_sentiment_tree_bank.StanfordSentimentTreeBankDatasetReader'> from params {'token_indexers': {'tokens': {'pretrained_model': 'bert-base-uncased', 'type': 'bert-pretrained'}}} and extras set()
2019-04-25 07:21:14,098 - INFO - allennlp.common.from_params - instantiating class allennlp.data.token_indexers.token_indexer.TokenIndexer from params {'pretrained_model': 'bert-base-uncased', 'type': 'bert-pretrained'} and extras set()
2019-04-25 07:21:14,098 - INFO - allennlp.common.params - dataset_reader.token_indexers.tokens.type = bert-pretrained
2019-04-25 07:21:14,098 - INFO - allennlp.common.from_params - instantiating class allennlp.data.token_indexers.wordpiece_indexer.PretrainedBertIndexer from params {'pretrained_model': 'bert-base-uncased'} and extras set()
2019-04-25 07:21:14,098 - INFO - allennlp.common.params - dataset_reader.token_indexers.tokens.pretrained_model = bert-base-uncased
2019-04-25 07:21:14,098 - INFO - allennlp.common.params - dataset_reader.token_indexers.tokens.use_starting_offsets = False
2019-04-25 07:21:14,099 - INFO - allennlp.common.params - dataset_reader.token_indexers.tokens.do_lowercase = True
2019-04-25 07:21:14,099 - INFO - allennlp.common.params - dataset_reader.token_indexers.tokens.never_lowercase = None
2019-04-25 07:21:14,099 - INFO - allennlp.common.params - dataset_reader.token_indexers.tokens.max_pieces = 512
2019-04-25 07:21:14,709 - INFO - pytorch_pretrained_bert.tokenization - loading vocabulary file https://s3.amazonaws.com/models.huggingface.co/bert/bert-base-uncased-vocab.txt from cache at /home/anastasiia/.pytorch_pretrained_bert/26bc1ad6c0ac742e9b52263248f6d0f00068293b33709fae12320c0e35ccfbbb.542ce4285a40d23a559526243235df47c5f75c197f04f37d1a0c124c32c9a084
2019-04-25 07:21:14,737 - INFO - allennlp.common.params - dataset_reader.use_subtrees = False
2019-04-25 07:21:14,737 - INFO - allennlp.common.params - dataset_reader.granularity = 5-class
2019-04-25 07:21:14,737 - INFO - allennlp.common.params - dataset_reader.lazy = False
2019-04-25 07:21:14,737 - INFO - allennlp.common.params - validation_dataset_reader = None
2019-04-25 07:21:14,737 - INFO - allennlp.common.params - train_data_path = trees/train.txt
2019-04-25 07:21:14,737 - INFO - allennlp.training.util - Reading training data from trees/train.txt
2019-04-25 07:21:14,740 - INFO - allennlp.data.dataset_readers.stanford_sentiment_tree_bank - Reading instances from lines in file at: trees/train.txt
2019-04-25 07:21:16,099 - INFO - allennlp.common.params - validation_data_path = trees/dev.txt
2019-04-25 07:21:16,099 - INFO - allennlp.training.util - Reading validation data from trees/dev.txt
2019-04-25 07:21:16,100 - INFO - allennlp.data.dataset_readers.stanford_sentiment_tree_bank - Reading instances from lines in file at: trees/dev.txt
2019-04-25 07:21:16,255 - INFO - allennlp.common.params - test_data_path = None
2019-04-25 07:21:16,255 - INFO - allennlp.training.trainer - From dataset instances, train, validation will be considered for vocabulary creation.
2019-04-25 07:21:16,255 - INFO - allennlp.common.params - vocabulary.type = None
2019-04-25 07:21:16,255 - INFO - allennlp.common.params - vocabulary.extend = False
2019-04-25 07:21:16,255 - INFO - allennlp.common.params - vocabulary.directory_path = None
2019-04-25 07:21:16,255 - INFO - allennlp.common.params - vocabulary.min_count = None
2019-04-25 07:21:16,255 - INFO - allennlp.common.params - vocabulary.max_vocab_size = None
2019-04-25 07:21:16,256 - INFO - allennlp.common.params - vocabulary.non_padded_namespaces = ('*tags', '*labels')
2019-04-25 07:21:16,256 - INFO - allennlp.common.params - vocabulary.min_pretrained_embeddings = None
2019-04-25 07:21:16,256 - INFO - allennlp.common.params - vocabulary.only_include_pretrained_words = False
2019-04-25 07:21:16,256 - INFO - allennlp.common.params - vocabulary.tokens_to_add = None
2019-04-25 07:21:16,256 - INFO - allennlp.data.vocabulary - Fitting token dictionary from dataset.
2019-04-25 07:21:16,291 - INFO - allennlp.common.from_params - instantiating class <class 'allennlp.models.model.Model'> from params {'encoder': {'hidden_size': 128, 'input_size': 768, 'type': 'lstm'}, 'type': 'lstm_classifier', 'word_embeddings': {'allow_unmatched_keys': True, 'embedder_to_indexer_map': {'tokens': ['tokens', 'tokens-offsets']}, 'token_embedders': {'tokens': {'pretrained_model': 'bert-base-uncased', 'type': 'bert-pretrained'}}}} and extras {'vocab'}
2019-04-25 07:21:16,292 - INFO - allennlp.common.params - model.type = lstm_classifier
2019-04-25 07:21:16,292 - INFO - allennlp.common.from_params - instantiating class <class 'sst_classifier.LstmClassifier'> from params {'encoder': {'hidden_size': 128, 'input_size': 768, 'type': 'lstm'}, 'word_embeddings': {'allow_unmatched_keys': True, 'embedder_to_indexer_map': {'tokens': ['tokens', 'tokens-offsets']}, 'token_embedders': {'tokens': {'pretrained_model': 'bert-base-uncased', 'type': 'bert-pretrained'}}}} and extras {'vocab'}
2019-04-25 07:21:16,292 - INFO - allennlp.common.from_params - instantiating class <class 'allennlp.modules.text_field_embedders.text_field_embedder.TextFieldEmbedder'> from params {'allow_unmatched_keys': True, 'embedder_to_indexer_map': {'tokens': ['tokens', 'tokens-offsets']}, 'token_embedders': {'tokens': {'pretrained_model': 'bert-base-uncased', 'type': 'bert-pretrained'}}} and extras {'vocab'}
2019-04-25 07:21:16,292 - INFO - allennlp.common.params - model.word_embeddings.type = basic
2019-04-25 07:21:16,292 - INFO - allennlp.common.params - model.word_embeddings.allow_unmatched_keys = True
2019-04-25 07:21:16,292 - INFO - allennlp.common.from_params - instantiating class <class 'allennlp.modules.token_embedders.token_embedder.TokenEmbedder'> from params {'pretrained_model': 'bert-base-uncased', 'type': 'bert-pretrained'} and extras {'vocab'}
2019-04-25 07:21:16,292 - INFO - allennlp.common.params - model.word_embeddings.token_embedders.tokens.type = bert-pretrained
2019-04-25 07:21:16,292 - INFO - allennlp.common.from_params - instantiating class <class 'allennlp.modules.token_embedders.bert_token_embedder.PretrainedBertEmbedder'> from params {'pretrained_model': 'bert-base-uncased'} and extras {'vocab'}
2019-04-25 07:21:16,292 - INFO - allennlp.common.params - model.word_embeddings.token_embedders.tokens.pretrained_model = bert-base-uncased
2019-04-25 07:21:16,292 - INFO - allennlp.common.params - model.word_embeddings.token_embedders.tokens.requires_grad = False
2019-04-25 07:21:16,293 - INFO - allennlp.common.params - model.word_embeddings.token_embedders.tokens.top_layer_only = False
2019-04-25 07:21:16,977 - INFO - pytorch_pretrained_bert.file_utils - https://s3.amazonaws.com/models.huggingface.co/bert/bert-base-uncased.tar.gz not found in cache, downloading to /tmp/tmph2x8k0i4
2019-04-25 07:23:07,271 - INFO - pytorch_pretrained_bert.file_utils - copying /tmp/tmph2x8k0i4 to cache at /home/anastasiia/.pytorch_pretrained_bert/9c41111e2de84547a463fd39217199738d1e3deb72d4fec4399e6e241983c6f0.ae3cef932725ca7a30cdcb93fc6e09150a55e2a130ec7af63975a16c153ae2ba
2019-04-25 07:23:07,590 - INFO - pytorch_pretrained_bert.file_utils - creating metadata file for /home/anastasiia/.pytorch_pretrained_bert/9c41111e2de84547a463fd39217199738d1e3deb72d4fec4399e6e241983c6f0.ae3cef932725ca7a30cdcb93fc6e09150a55e2a130ec7af63975a16c153ae2ba
2019-04-25 07:23:07,591 - INFO - pytorch_pretrained_bert.file_utils - removing temp file /tmp/tmph2x8k0i4
2019-04-25 07:23:07,632 - INFO - pytorch_pretrained_bert.modeling - loading archive file https://s3.amazonaws.com/models.huggingface.co/bert/bert-base-uncased.tar.gz from cache at /home/anastasiia/.pytorch_pretrained_bert/9c41111e2de84547a463fd39217199738d1e3deb72d4fec4399e6e241983c6f0.ae3cef932725ca7a30cdcb93fc6e09150a55e2a130ec7af63975a16c153ae2ba
2019-04-25 07:23:07,632 - INFO - pytorch_pretrained_bert.modeling - extracting archive file /home/anastasiia/.pytorch_pretrained_bert/9c41111e2de84547a463fd39217199738d1e3deb72d4fec4399e6e241983c6f0.ae3cef932725ca7a30cdcb93fc6e09150a55e2a130ec7af63975a16c153ae2ba to temp dir /tmp/tmpnbxyf7m2
2019-04-25 07:23:10,704 - INFO - pytorch_pretrained_bert.modeling - Model config {
  "attention_probs_dropout_prob": 0.1,
  "hidden_act": "gelu",
  "hidden_dropout_prob": 0.1,
  "hidden_size": 768,
  "initializer_range": 0.02,
  "intermediate_size": 3072,
  "max_position_embeddings": 512,
  "num_attention_heads": 12,
  "num_hidden_layers": 12,
  "type_vocab_size": 2,
  "vocab_size": 30522
}

2019-04-25 07:23:12,401 - INFO - allennlp.common.from_params - instantiating class <class 'allennlp.modules.seq2vec_encoders.seq2vec_encoder.Seq2VecEncoder'> from params {'hidden_size': 128, 'input_size': 768, 'type': 'lstm'} and extras {'vocab'}
2019-04-25 07:23:12,402 - INFO - allennlp.common.params - model.encoder.type = lstm
2019-04-25 07:23:12,402 - INFO - allennlp.common.params - model.encoder.batch_first = True
2019-04-25 07:23:12,402 - INFO - allennlp.common.params - Converting Params object to dict; logging of default values will not occur when dictionary parameters are used subsequently.
2019-04-25 07:23:12,402 - INFO - allennlp.common.params - CURRENTLY DEFINED PARAMETERS: 
2019-04-25 07:23:12,402 - INFO - allennlp.common.params - model.encoder.hidden_size = 128
2019-04-25 07:23:12,402 - INFO - allennlp.common.params - model.encoder.input_size = 768
2019-04-25 07:23:12,402 - INFO - allennlp.common.params - model.encoder.batch_first = True
2019-04-25 07:23:12,406 - INFO - allennlp.common.params - model.positive_label = 4
2019-04-25 07:23:12,407 - INFO - allennlp.common.from_params - instantiating class <class 'allennlp.data.iterators.data_iterator.DataIterator'> from params {'batch_size': 32, 'sorting_keys': [['tokens', 'num_tokens']], 'type': 'bucket'} and extras set()
2019-04-25 07:23:12,407 - INFO - allennlp.common.params - iterator.type = bucket
2019-04-25 07:23:12,408 - INFO - allennlp.common.from_params - instantiating class <class 'allennlp.data.iterators.bucket_iterator.BucketIterator'> from params {'batch_size': 32, 'sorting_keys': [['tokens', 'num_tokens']]} and extras set()
2019-04-25 07:23:12,408 - INFO - allennlp.common.params - iterator.sorting_keys = [['tokens', 'num_tokens']]
2019-04-25 07:23:12,408 - INFO - allennlp.common.params - iterator.padding_noise = 0.1
2019-04-25 07:23:12,408 - INFO - allennlp.common.params - iterator.biggest_batch_first = False
2019-04-25 07:23:12,408 - INFO - allennlp.common.params - iterator.batch_size = 32
2019-04-25 07:23:12,408 - INFO - allennlp.common.params - iterator.instances_per_epoch = None
2019-04-25 07:23:12,408 - INFO - allennlp.common.params - iterator.max_instances_in_memory = None
2019-04-25 07:23:12,408 - INFO - allennlp.common.params - iterator.cache_instances = False
2019-04-25 07:23:12,408 - INFO - allennlp.common.params - iterator.track_epoch = False
2019-04-25 07:23:12,408 - INFO - allennlp.common.params - iterator.maximum_samples_per_batch = None
2019-04-25 07:23:12,408 - INFO - allennlp.common.params - validation_iterator = None
2019-04-25 07:23:12,408 - INFO - allennlp.common.params - trainer.no_grad = ()
2019-04-25 07:23:12,410 - INFO - allennlp.training.trainer - Following parameters are Frozen  (without gradient):
2019-04-25 07:23:12,410 - INFO - allennlp.training.trainer - word_embeddings.token_embedder_tokens.bert_model.embeddings.word_embeddings.weight
2019-04-25 07:23:12,410 - INFO - allennlp.training.trainer - word_embeddings.token_embedder_tokens.bert_model.embeddings.position_embeddings.weight
2019-04-25 07:23:12,410 - INFO - allennlp.training.trainer - word_embeddings.token_embedder_tokens.bert_model.embeddings.token_type_embeddings.weight
2019-04-25 07:23:12,410 - INFO - allennlp.training.trainer - word_embeddings.token_embedder_tokens.bert_model.embeddings.LayerNorm.weight
2019-04-25 07:23:12,410 - INFO - allennlp.training.trainer - word_embeddings.token_embedder_tokens.bert_model.embeddings.LayerNorm.bias
2019-04-25 07:23:12,410 - INFO - allennlp.training.trainer - word_embeddings.token_embedder_tokens.bert_model.encoder.layer.0.attention.self.query.weight
2019-04-25 07:23:12,410 - INFO - allennlp.training.trainer - word_embeddings.token_embedder_tokens.bert_model.encoder.layer.0.attention.self.query.bias
2019-04-25 07:23:12,410 - INFO - allennlp.training.trainer - word_embeddings.token_embedder_tokens.bert_model.encoder.layer.0.attention.self.key.weight
2019-04-25 07:23:12,410 - INFO - allennlp.training.trainer - word_embeddings.token_embedder_tokens.bert_model.encoder.layer.0.attention.self.key.bias
2019-04-25 07:23:12,410 - INFO - allennlp.training.trainer - word_embeddings.token_embedder_tokens.bert_model.encoder.layer.0.attention.self.value.weight
2019-04-25 07:23:12,410 - INFO - allennlp.training.trainer - word_embeddings.token_embedder_tokens.bert_model.encoder.layer.0.attention.self.value.bias
2019-04-25 07:23:12,411 - INFO - allennlp.training.trainer - word_embeddings.token_embedder_tokens.bert_model.encoder.layer.0.attention.output.dense.weight
2019-04-25 07:23:12,411 - INFO - allennlp.training.trainer - word_embeddings.token_embedder_tokens.bert_model.encoder.layer.0.attention.output.dense.bias
2019-04-25 07:23:12,411 - INFO - allennlp.training.trainer - word_embeddings.token_embedder_tokens.bert_model.encoder.layer.0.attention.output.LayerNorm.weight
2019-04-25 07:23:12,411 - INFO - allennlp.training.trainer - word_embeddings.token_embedder_tokens.bert_model.encoder.layer.0.attention.output.LayerNorm.bias
2019-04-25 07:23:12,411 - INFO - allennlp.training.trainer - word_embeddings.token_embedder_tokens.bert_model.encoder.layer.0.intermediate.dense.weight
2019-04-25 07:23:12,411 - INFO - allennlp.training.trainer - word_embeddings.token_embedder_tokens.bert_model.encoder.layer.0.intermediate.dense.bias
2019-04-25 07:23:12,411 - INFO - allennlp.training.trainer - word_embeddings.token_embedder_tokens.bert_model.encoder.layer.0.output.dense.weight
2019-04-25 07:23:12,411 - INFO - allennlp.training.trainer - word_embeddings.token_embedder_tokens.bert_model.encoder.layer.0.output.dense.bias
2019-04-25 07:23:12,411 - INFO - allennlp.training.trainer - word_embeddings.token_embedder_tokens.bert_model.encoder.layer.0.output.LayerNorm.weight
2019-04-25 07:23:12,411 - INFO - allennlp.training.trainer - word_embeddings.token_embedder_tokens.bert_model.encoder.layer.0.output.LayerNorm.bias
2019-04-25 07:23:12,411 - INFO - allennlp.training.trainer - word_embeddings.token_embedder_tokens.bert_model.encoder.layer.1.attention.self.query.weight
2019-04-25 07:23:12,411 - INFO - allennlp.training.trainer - word_embeddings.token_embedder_tokens.bert_model.encoder.layer.1.attention.self.query.bias
2019-04-25 07:23:12,411 - INFO - allennlp.training.trainer - word_embeddings.token_embedder_tokens.bert_model.encoder.layer.1.attention.self.key.weight
2019-04-25 07:23:12,411 - INFO - allennlp.training.trainer - word_embeddings.token_embedder_tokens.bert_model.encoder.layer.1.attention.self.key.bias
2019-04-25 07:23:12,411 - INFO - allennlp.training.trainer - word_embeddings.token_embedder_tokens.bert_model.encoder.layer.1.attention.self.value.weight
2019-04-25 07:23:12,411 - INFO - allennlp.training.trainer - word_embeddings.token_embedder_tokens.bert_model.encoder.layer.1.attention.self.value.bias
2019-04-25 07:23:12,411 - INFO - allennlp.training.trainer - word_embeddings.token_embedder_tokens.bert_model.encoder.layer.1.attention.output.dense.weight
2019-04-25 07:23:12,411 - INFO - allennlp.training.trainer - word_embeddings.token_embedder_tokens.bert_model.encoder.layer.1.attention.output.dense.bias
2019-04-25 07:23:12,412 - INFO - allennlp.training.trainer - word_embeddings.token_embedder_tokens.bert_model.encoder.layer.1.attention.output.LayerNorm.weight
2019-04-25 07:23:12,412 - INFO - allennlp.training.trainer - word_embeddings.token_embedder_tokens.bert_model.encoder.layer.1.attention.output.LayerNorm.bias
2019-04-25 07:23:12,412 - INFO - allennlp.training.trainer - word_embeddings.token_embedder_tokens.bert_model.encoder.layer.1.intermediate.dense.weight
2019-04-25 07:23:12,412 - INFO - allennlp.training.trainer - word_embeddings.token_embedder_tokens.bert_model.encoder.layer.1.intermediate.dense.bias
2019-04-25 07:23:12,412 - INFO - allennlp.training.trainer - word_embeddings.token_embedder_tokens.bert_model.encoder.layer.1.output.dense.weight
2019-04-25 07:23:12,412 - INFO - allennlp.training.trainer - word_embeddings.token_embedder_tokens.bert_model.encoder.layer.1.output.dense.bias
2019-04-25 07:23:12,412 - INFO - allennlp.training.trainer - word_embeddings.token_embedder_tokens.bert_model.encoder.layer.1.output.LayerNorm.weight
2019-04-25 07:23:12,412 - INFO - allennlp.training.trainer - word_embeddings.token_embedder_tokens.bert_model.encoder.layer.1.output.LayerNorm.bias
2019-04-25 07:23:12,412 - INFO - allennlp.training.trainer - word_embeddings.token_embedder_tokens.bert_model.encoder.layer.2.attention.self.query.weight
2019-04-25 07:23:12,412 - INFO - allennlp.training.trainer - word_embeddings.token_embedder_tokens.bert_model.encoder.layer.2.attention.self.query.bias
2019-04-25 07:23:12,412 - INFO - allennlp.training.trainer - word_embeddings.token_embedder_tokens.bert_model.encoder.layer.2.attention.self.key.weight
2019-04-25 07:23:12,412 - INFO - allennlp.training.trainer - word_embeddings.token_embedder_tokens.bert_model.encoder.layer.2.attention.self.key.bias
2019-04-25 07:23:12,412 - INFO - allennlp.training.trainer - word_embeddings.token_embedder_tokens.bert_model.encoder.layer.2.attention.self.value.weight
2019-04-25 07:23:12,412 - INFO - allennlp.training.trainer - word_embeddings.token_embedder_tokens.bert_model.encoder.layer.2.attention.self.value.bias
2019-04-25 07:23:12,412 - INFO - allennlp.training.trainer - word_embeddings.token_embedder_tokens.bert_model.encoder.layer.2.attention.output.dense.weight
2019-04-25 07:23:12,412 - INFO - allennlp.training.trainer - word_embeddings.token_embedder_tokens.bert_model.encoder.layer.2.attention.output.dense.bias
2019-04-25 07:23:12,412 - INFO - allennlp.training.trainer - word_embeddings.token_embedder_tokens.bert_model.encoder.layer.2.attention.output.LayerNorm.weight
2019-04-25 07:23:12,413 - INFO - allennlp.training.trainer - word_embeddings.token_embedder_tokens.bert_model.encoder.layer.2.attention.output.LayerNorm.bias
2019-04-25 07:23:12,413 - INFO - allennlp.training.trainer - word_embeddings.token_embedder_tokens.bert_model.encoder.layer.2.intermediate.dense.weight
2019-04-25 07:23:12,413 - INFO - allennlp.training.trainer - word_embeddings.token_embedder_tokens.bert_model.encoder.layer.2.intermediate.dense.bias
2019-04-25 07:23:12,413 - INFO - allennlp.training.trainer - word_embeddings.token_embedder_tokens.bert_model.encoder.layer.2.output.dense.weight
2019-04-25 07:23:12,413 - INFO - allennlp.training.trainer - word_embeddings.token_embedder_tokens.bert_model.encoder.layer.2.output.dense.bias
2019-04-25 07:23:12,413 - INFO - allennlp.training.trainer - word_embeddings.token_embedder_tokens.bert_model.encoder.layer.2.output.LayerNorm.weight
2019-04-25 07:23:12,413 - INFO - allennlp.training.trainer - word_embeddings.token_embedder_tokens.bert_model.encoder.layer.2.output.LayerNorm.bias
2019-04-25 07:23:12,413 - INFO - allennlp.training.trainer - word_embeddings.token_embedder_tokens.bert_model.encoder.layer.3.attention.self.query.weight
2019-04-25 07:23:12,413 - INFO - allennlp.training.trainer - word_embeddings.token_embedder_tokens.bert_model.encoder.layer.3.attention.self.query.bias
2019-04-25 07:23:12,413 - INFO - allennlp.training.trainer - word_embeddings.token_embedder_tokens.bert_model.encoder.layer.3.attention.self.key.weight
2019-04-25 07:23:12,413 - INFO - allennlp.training.trainer - word_embeddings.token_embedder_tokens.bert_model.encoder.layer.3.attention.self.key.bias
2019-04-25 07:23:12,413 - INFO - allennlp.training.trainer - word_embeddings.token_embedder_tokens.bert_model.encoder.layer.3.attention.self.value.weight
2019-04-25 07:23:12,413 - INFO - allennlp.training.trainer - word_embeddings.token_embedder_tokens.bert_model.encoder.layer.3.attention.self.value.bias
2019-04-25 07:23:12,413 - INFO - allennlp.training.trainer - word_embeddings.token_embedder_tokens.bert_model.encoder.layer.3.attention.output.dense.weight
2019-04-25 07:23:12,413 - INFO - allennlp.training.trainer - word_embeddings.token_embedder_tokens.bert_model.encoder.layer.3.attention.output.dense.bias
2019-04-25 07:23:12,414 - INFO - allennlp.training.trainer - word_embeddings.token_embedder_tokens.bert_model.encoder.layer.3.attention.output.LayerNorm.weight
2019-04-25 07:23:12,414 - INFO - allennlp.training.trainer - word_embeddings.token_embedder_tokens.bert_model.encoder.layer.3.attention.output.LayerNorm.bias
2019-04-25 07:23:12,414 - INFO - allennlp.training.trainer - word_embeddings.token_embedder_tokens.bert_model.encoder.layer.3.intermediate.dense.weight
2019-04-25 07:23:12,414 - INFO - allennlp.training.trainer - word_embeddings.token_embedder_tokens.bert_model.encoder.layer.3.intermediate.dense.bias
2019-04-25 07:23:12,414 - INFO - allennlp.training.trainer - word_embeddings.token_embedder_tokens.bert_model.encoder.layer.3.output.dense.weight
2019-04-25 07:23:12,414 - INFO - allennlp.training.trainer - word_embeddings.token_embedder_tokens.bert_model.encoder.layer.3.output.dense.bias
2019-04-25 07:23:12,414 - INFO - allennlp.training.trainer - word_embeddings.token_embedder_tokens.bert_model.encoder.layer.3.output.LayerNorm.weight
2019-04-25 07:23:12,414 - INFO - allennlp.training.trainer - word_embeddings.token_embedder_tokens.bert_model.encoder.layer.3.output.LayerNorm.bias
2019-04-25 07:23:12,414 - INFO - allennlp.training.trainer - word_embeddings.token_embedder_tokens.bert_model.encoder.layer.4.attention.self.query.weight
2019-04-25 07:23:12,414 - INFO - allennlp.training.trainer - word_embeddings.token_embedder_tokens.bert_model.encoder.layer.4.attention.self.query.bias
2019-04-25 07:23:12,414 - INFO - allennlp.training.trainer - word_embeddings.token_embedder_tokens.bert_model.encoder.layer.4.attention.self.key.weight
2019-04-25 07:23:12,414 - INFO - allennlp.training.trainer - word_embeddings.token_embedder_tokens.bert_model.encoder.layer.4.attention.self.key.bias
2019-04-25 07:23:12,414 - INFO - allennlp.training.trainer - word_embeddings.token_embedder_tokens.bert_model.encoder.layer.4.attention.self.value.weight
2019-04-25 07:23:12,414 - INFO - allennlp.training.trainer - word_embeddings.token_embedder_tokens.bert_model.encoder.layer.4.attention.self.value.bias
2019-04-25 07:23:12,414 - INFO - allennlp.training.trainer - word_embeddings.token_embedder_tokens.bert_model.encoder.layer.4.attention.output.dense.weight
2019-04-25 07:23:12,414 - INFO - allennlp.training.trainer - word_embeddings.token_embedder_tokens.bert_model.encoder.layer.4.attention.output.dense.bias
2019-04-25 07:23:12,414 - INFO - allennlp.training.trainer - word_embeddings.token_embedder_tokens.bert_model.encoder.layer.4.attention.output.LayerNorm.weight
2019-04-25 07:23:12,414 - INFO - allennlp.training.trainer - word_embeddings.token_embedder_tokens.bert_model.encoder.layer.4.attention.output.LayerNorm.bias
2019-04-25 07:23:12,414 - INFO - allennlp.training.trainer - word_embeddings.token_embedder_tokens.bert_model.encoder.layer.4.intermediate.dense.weight
2019-04-25 07:23:12,414 - INFO - allennlp.training.trainer - word_embeddings.token_embedder_tokens.bert_model.encoder.layer.4.intermediate.dense.bias
2019-04-25 07:23:12,414 - INFO - allennlp.training.trainer - word_embeddings.token_embedder_tokens.bert_model.encoder.layer.4.output.dense.weight
2019-04-25 07:23:12,414 - INFO - allennlp.training.trainer - word_embeddings.token_embedder_tokens.bert_model.encoder.layer.4.output.dense.bias
2019-04-25 07:23:12,414 - INFO - allennlp.training.trainer - word_embeddings.token_embedder_tokens.bert_model.encoder.layer.4.output.LayerNorm.weight
2019-04-25 07:23:12,414 - INFO - allennlp.training.trainer - word_embeddings.token_embedder_tokens.bert_model.encoder.layer.4.output.LayerNorm.bias
2019-04-25 07:23:12,414 - INFO - allennlp.training.trainer - word_embeddings.token_embedder_tokens.bert_model.encoder.layer.5.attention.self.query.weight
2019-04-25 07:23:12,415 - INFO - allennlp.training.trainer - word_embeddings.token_embedder_tokens.bert_model.encoder.layer.5.attention.self.query.bias
2019-04-25 07:23:12,415 - INFO - allennlp.training.trainer - word_embeddings.token_embedder_tokens.bert_model.encoder.layer.5.attention.self.key.weight
2019-04-25 07:23:12,415 - INFO - allennlp.training.trainer - word_embeddings.token_embedder_tokens.bert_model.encoder.layer.5.attention.self.key.bias
2019-04-25 07:23:12,415 - INFO - allennlp.training.trainer - word_embeddings.token_embedder_tokens.bert_model.encoder.layer.5.attention.self.value.weight
2019-04-25 07:23:12,415 - INFO - allennlp.training.trainer - word_embeddings.token_embedder_tokens.bert_model.encoder.layer.5.attention.self.value.bias
2019-04-25 07:23:12,415 - INFO - allennlp.training.trainer - word_embeddings.token_embedder_tokens.bert_model.encoder.layer.5.attention.output.dense.weight
2019-04-25 07:23:12,415 - INFO - allennlp.training.trainer - word_embeddings.token_embedder_tokens.bert_model.encoder.layer.5.attention.output.dense.bias
2019-04-25 07:23:12,415 - INFO - allennlp.training.trainer - word_embeddings.token_embedder_tokens.bert_model.encoder.layer.5.attention.output.LayerNorm.weight
2019-04-25 07:23:12,415 - INFO - allennlp.training.trainer - word_embeddings.token_embedder_tokens.bert_model.encoder.layer.5.attention.output.LayerNorm.bias
2019-04-25 07:23:12,415 - INFO - allennlp.training.trainer - word_embeddings.token_embedder_tokens.bert_model.encoder.layer.5.intermediate.dense.weight
2019-04-25 07:23:12,415 - INFO - allennlp.training.trainer - word_embeddings.token_embedder_tokens.bert_model.encoder.layer.5.intermediate.dense.bias
2019-04-25 07:23:12,415 - INFO - allennlp.training.trainer - word_embeddings.token_embedder_tokens.bert_model.encoder.layer.5.output.dense.weight
2019-04-25 07:23:12,415 - INFO - allennlp.training.trainer - word_embeddings.token_embedder_tokens.bert_model.encoder.layer.5.output.dense.bias
2019-04-25 07:23:12,415 - INFO - allennlp.training.trainer - word_embeddings.token_embedder_tokens.bert_model.encoder.layer.5.output.LayerNorm.weight
2019-04-25 07:23:12,415 - INFO - allennlp.training.trainer - word_embeddings.token_embedder_tokens.bert_model.encoder.layer.5.output.LayerNorm.bias
2019-04-25 07:23:12,415 - INFO - allennlp.training.trainer - word_embeddings.token_embedder_tokens.bert_model.encoder.layer.6.attention.self.query.weight
2019-04-25 07:23:12,415 - INFO - allennlp.training.trainer - word_embeddings.token_embedder_tokens.bert_model.encoder.layer.6.attention.self.query.bias
2019-04-25 07:23:12,415 - INFO - allennlp.training.trainer - word_embeddings.token_embedder_tokens.bert_model.encoder.layer.6.attention.self.key.weight
2019-04-25 07:23:12,415 - INFO - allennlp.training.trainer - word_embeddings.token_embedder_tokens.bert_model.encoder.layer.6.attention.self.key.bias
2019-04-25 07:23:12,415 - INFO - allennlp.training.trainer - word_embeddings.token_embedder_tokens.bert_model.encoder.layer.6.attention.self.value.weight
2019-04-25 07:23:12,415 - INFO - allennlp.training.trainer - word_embeddings.token_embedder_tokens.bert_model.encoder.layer.6.attention.self.value.bias
2019-04-25 07:23:12,415 - INFO - allennlp.training.trainer - word_embeddings.token_embedder_tokens.bert_model.encoder.layer.6.attention.output.dense.weight
2019-04-25 07:23:12,415 - INFO - allennlp.training.trainer - word_embeddings.token_embedder_tokens.bert_model.encoder.layer.6.attention.output.dense.bias
2019-04-25 07:23:12,415 - INFO - allennlp.training.trainer - word_embeddings.token_embedder_tokens.bert_model.encoder.layer.6.attention.output.LayerNorm.weight
2019-04-25 07:23:12,416 - INFO - allennlp.training.trainer - word_embeddings.token_embedder_tokens.bert_model.encoder.layer.6.attention.output.LayerNorm.bias
2019-04-25 07:23:12,416 - INFO - allennlp.training.trainer - word_embeddings.token_embedder_tokens.bert_model.encoder.layer.6.intermediate.dense.weight
2019-04-25 07:23:12,416 - INFO - allennlp.training.trainer - word_embeddings.token_embedder_tokens.bert_model.encoder.layer.6.intermediate.dense.bias
2019-04-25 07:23:12,416 - INFO - allennlp.training.trainer - word_embeddings.token_embedder_tokens.bert_model.encoder.layer.6.output.dense.weight
2019-04-25 07:23:12,416 - INFO - allennlp.training.trainer - word_embeddings.token_embedder_tokens.bert_model.encoder.layer.6.output.dense.bias
2019-04-25 07:23:12,416 - INFO - allennlp.training.trainer - word_embeddings.token_embedder_tokens.bert_model.encoder.layer.6.output.LayerNorm.weight
2019-04-25 07:23:12,416 - INFO - allennlp.training.trainer - word_embeddings.token_embedder_tokens.bert_model.encoder.layer.6.output.LayerNorm.bias
2019-04-25 07:23:12,416 - INFO - allennlp.training.trainer - word_embeddings.token_embedder_tokens.bert_model.encoder.layer.7.attention.self.query.weight
2019-04-25 07:23:12,416 - INFO - allennlp.training.trainer - word_embeddings.token_embedder_tokens.bert_model.encoder.layer.7.attention.self.query.bias
2019-04-25 07:23:12,416 - INFO - allennlp.training.trainer - word_embeddings.token_embedder_tokens.bert_model.encoder.layer.7.attention.self.key.weight
2019-04-25 07:23:12,416 - INFO - allennlp.training.trainer - word_embeddings.token_embedder_tokens.bert_model.encoder.layer.7.attention.self.key.bias
2019-04-25 07:23:12,416 - INFO - allennlp.training.trainer - word_embeddings.token_embedder_tokens.bert_model.encoder.layer.7.attention.self.value.weight
2019-04-25 07:23:12,416 - INFO - allennlp.training.trainer - word_embeddings.token_embedder_tokens.bert_model.encoder.layer.7.attention.self.value.bias
2019-04-25 07:23:12,416 - INFO - allennlp.training.trainer - word_embeddings.token_embedder_tokens.bert_model.encoder.layer.7.attention.output.dense.weight
2019-04-25 07:23:12,416 - INFO - allennlp.training.trainer - word_embeddings.token_embedder_tokens.bert_model.encoder.layer.7.attention.output.dense.bias
2019-04-25 07:23:12,416 - INFO - allennlp.training.trainer - word_embeddings.token_embedder_tokens.bert_model.encoder.layer.7.attention.output.LayerNorm.weight
2019-04-25 07:23:12,417 - INFO - allennlp.training.trainer - word_embeddings.token_embedder_tokens.bert_model.encoder.layer.7.attention.output.LayerNorm.bias
2019-04-25 07:23:12,417 - INFO - allennlp.training.trainer - word_embeddings.token_embedder_tokens.bert_model.encoder.layer.7.intermediate.dense.weight
2019-04-25 07:23:12,417 - INFO - allennlp.training.trainer - word_embeddings.token_embedder_tokens.bert_model.encoder.layer.7.intermediate.dense.bias
2019-04-25 07:23:12,417 - INFO - allennlp.training.trainer - word_embeddings.token_embedder_tokens.bert_model.encoder.layer.7.output.dense.weight
2019-04-25 07:23:12,417 - INFO - allennlp.training.trainer - word_embeddings.token_embedder_tokens.bert_model.encoder.layer.7.output.dense.bias
2019-04-25 07:23:12,417 - INFO - allennlp.training.trainer - word_embeddings.token_embedder_tokens.bert_model.encoder.layer.7.output.LayerNorm.weight
2019-04-25 07:23:12,417 - INFO - allennlp.training.trainer - word_embeddings.token_embedder_tokens.bert_model.encoder.layer.7.output.LayerNorm.bias
2019-04-25 07:23:12,417 - INFO - allennlp.training.trainer - word_embeddings.token_embedder_tokens.bert_model.encoder.layer.8.attention.self.query.weight
2019-04-25 07:23:12,417 - INFO - allennlp.training.trainer - word_embeddings.token_embedder_tokens.bert_model.encoder.layer.8.attention.self.query.bias
2019-04-25 07:23:12,417 - INFO - allennlp.training.trainer - word_embeddings.token_embedder_tokens.bert_model.encoder.layer.8.attention.self.key.weight
2019-04-25 07:23:12,417 - INFO - allennlp.training.trainer - word_embeddings.token_embedder_tokens.bert_model.encoder.layer.8.attention.self.key.bias
2019-04-25 07:23:12,417 - INFO - allennlp.training.trainer - word_embeddings.token_embedder_tokens.bert_model.encoder.layer.8.attention.self.value.weight
2019-04-25 07:23:12,417 - INFO - allennlp.training.trainer - word_embeddings.token_embedder_tokens.bert_model.encoder.layer.8.attention.self.value.bias
2019-04-25 07:23:12,417 - INFO - allennlp.training.trainer - word_embeddings.token_embedder_tokens.bert_model.encoder.layer.8.attention.output.dense.weight
2019-04-25 07:23:12,417 - INFO - allennlp.training.trainer - word_embeddings.token_embedder_tokens.bert_model.encoder.layer.8.attention.output.dense.bias
2019-04-25 07:23:12,417 - INFO - allennlp.training.trainer - word_embeddings.token_embedder_tokens.bert_model.encoder.layer.8.attention.output.LayerNorm.weight
2019-04-25 07:23:12,417 - INFO - allennlp.training.trainer - word_embeddings.token_embedder_tokens.bert_model.encoder.layer.8.attention.output.LayerNorm.bias
2019-04-25 07:23:12,417 - INFO - allennlp.training.trainer - word_embeddings.token_embedder_tokens.bert_model.encoder.layer.8.intermediate.dense.weight
2019-04-25 07:23:12,417 - INFO - allennlp.training.trainer - word_embeddings.token_embedder_tokens.bert_model.encoder.layer.8.intermediate.dense.bias
2019-04-25 07:23:12,417 - INFO - allennlp.training.trainer - word_embeddings.token_embedder_tokens.bert_model.encoder.layer.8.output.dense.weight
2019-04-25 07:23:12,417 - INFO - allennlp.training.trainer - word_embeddings.token_embedder_tokens.bert_model.encoder.layer.8.output.dense.bias
2019-04-25 07:23:12,418 - INFO - allennlp.training.trainer - word_embeddings.token_embedder_tokens.bert_model.encoder.layer.8.output.LayerNorm.weight
2019-04-25 07:23:12,418 - INFO - allennlp.training.trainer - word_embeddings.token_embedder_tokens.bert_model.encoder.layer.8.output.LayerNorm.bias
2019-04-25 07:23:12,418 - INFO - allennlp.training.trainer - word_embeddings.token_embedder_tokens.bert_model.encoder.layer.9.attention.self.query.weight
2019-04-25 07:23:12,418 - INFO - allennlp.training.trainer - word_embeddings.token_embedder_tokens.bert_model.encoder.layer.9.attention.self.query.bias
2019-04-25 07:23:12,418 - INFO - allennlp.training.trainer - word_embeddings.token_embedder_tokens.bert_model.encoder.layer.9.attention.self.key.weight
2019-04-25 07:23:12,418 - INFO - allennlp.training.trainer - word_embeddings.token_embedder_tokens.bert_model.encoder.layer.9.attention.self.key.bias
2019-04-25 07:23:12,418 - INFO - allennlp.training.trainer - word_embeddings.token_embedder_tokens.bert_model.encoder.layer.9.attention.self.value.weight
2019-04-25 07:23:12,418 - INFO - allennlp.training.trainer - word_embeddings.token_embedder_tokens.bert_model.encoder.layer.9.attention.self.value.bias
2019-04-25 07:23:12,418 - INFO - allennlp.training.trainer - word_embeddings.token_embedder_tokens.bert_model.encoder.layer.9.attention.output.dense.weight
2019-04-25 07:23:12,418 - INFO - allennlp.training.trainer - word_embeddings.token_embedder_tokens.bert_model.encoder.layer.9.attention.output.dense.bias
2019-04-25 07:23:12,418 - INFO - allennlp.training.trainer - word_embeddings.token_embedder_tokens.bert_model.encoder.layer.9.attention.output.LayerNorm.weight
2019-04-25 07:23:12,418 - INFO - allennlp.training.trainer - word_embeddings.token_embedder_tokens.bert_model.encoder.layer.9.attention.output.LayerNorm.bias
2019-04-25 07:23:12,418 - INFO - allennlp.training.trainer - word_embeddings.token_embedder_tokens.bert_model.encoder.layer.9.intermediate.dense.weight
2019-04-25 07:23:12,418 - INFO - allennlp.training.trainer - word_embeddings.token_embedder_tokens.bert_model.encoder.layer.9.intermediate.dense.bias
2019-04-25 07:23:12,418 - INFO - allennlp.training.trainer - word_embeddings.token_embedder_tokens.bert_model.encoder.layer.9.output.dense.weight
2019-04-25 07:23:12,418 - INFO - allennlp.training.trainer - word_embeddings.token_embedder_tokens.bert_model.encoder.layer.9.output.dense.bias
2019-04-25 07:23:12,418 - INFO - allennlp.training.trainer - word_embeddings.token_embedder_tokens.bert_model.encoder.layer.9.output.LayerNorm.weight
2019-04-25 07:23:12,418 - INFO - allennlp.training.trainer - word_embeddings.token_embedder_tokens.bert_model.encoder.layer.9.output.LayerNorm.bias
2019-04-25 07:23:12,418 - INFO - allennlp.training.trainer - word_embeddings.token_embedder_tokens.bert_model.encoder.layer.10.attention.self.query.weight
2019-04-25 07:23:12,418 - INFO - allennlp.training.trainer - word_embeddings.token_embedder_tokens.bert_model.encoder.layer.10.attention.self.query.bias
2019-04-25 07:23:12,418 - INFO - allennlp.training.trainer - word_embeddings.token_embedder_tokens.bert_model.encoder.layer.10.attention.self.key.weight
2019-04-25 07:23:12,418 - INFO - allennlp.training.trainer - word_embeddings.token_embedder_tokens.bert_model.encoder.layer.10.attention.self.key.bias
2019-04-25 07:23:12,418 - INFO - allennlp.training.trainer - word_embeddings.token_embedder_tokens.bert_model.encoder.layer.10.attention.self.value.weight
2019-04-25 07:23:12,418 - INFO - allennlp.training.trainer - word_embeddings.token_embedder_tokens.bert_model.encoder.layer.10.attention.self.value.bias
2019-04-25 07:23:12,418 - INFO - allennlp.training.trainer - word_embeddings.token_embedder_tokens.bert_model.encoder.layer.10.attention.output.dense.weight
2019-04-25 07:23:12,419 - INFO - allennlp.training.trainer - word_embeddings.token_embedder_tokens.bert_model.encoder.layer.10.attention.output.dense.bias
2019-04-25 07:23:12,419 - INFO - allennlp.training.trainer - word_embeddings.token_embedder_tokens.bert_model.encoder.layer.10.attention.output.LayerNorm.weight
2019-04-25 07:23:12,419 - INFO - allennlp.training.trainer - word_embeddings.token_embedder_tokens.bert_model.encoder.layer.10.attention.output.LayerNorm.bias
2019-04-25 07:23:12,419 - INFO - allennlp.training.trainer - word_embeddings.token_embedder_tokens.bert_model.encoder.layer.10.intermediate.dense.weight
2019-04-25 07:23:12,419 - INFO - allennlp.training.trainer - word_embeddings.token_embedder_tokens.bert_model.encoder.layer.10.intermediate.dense.bias
2019-04-25 07:23:12,419 - INFO - allennlp.training.trainer - word_embeddings.token_embedder_tokens.bert_model.encoder.layer.10.output.dense.weight
2019-04-25 07:23:12,419 - INFO - allennlp.training.trainer - word_embeddings.token_embedder_tokens.bert_model.encoder.layer.10.output.dense.bias
2019-04-25 07:23:12,419 - INFO - allennlp.training.trainer - word_embeddings.token_embedder_tokens.bert_model.encoder.layer.10.output.LayerNorm.weight
2019-04-25 07:23:12,419 - INFO - allennlp.training.trainer - word_embeddings.token_embedder_tokens.bert_model.encoder.layer.10.output.LayerNorm.bias
2019-04-25 07:23:12,419 - INFO - allennlp.training.trainer - word_embeddings.token_embedder_tokens.bert_model.encoder.layer.11.attention.self.query.weight
2019-04-25 07:23:12,419 - INFO - allennlp.training.trainer - word_embeddings.token_embedder_tokens.bert_model.encoder.layer.11.attention.self.query.bias
2019-04-25 07:23:12,419 - INFO - allennlp.training.trainer - word_embeddings.token_embedder_tokens.bert_model.encoder.layer.11.attention.self.key.weight
2019-04-25 07:23:12,419 - INFO - allennlp.training.trainer - word_embeddings.token_embedder_tokens.bert_model.encoder.layer.11.attention.self.key.bias
2019-04-25 07:23:12,419 - INFO - allennlp.training.trainer - word_embeddings.token_embedder_tokens.bert_model.encoder.layer.11.attention.self.value.weight
2019-04-25 07:23:12,419 - INFO - allennlp.training.trainer - word_embeddings.token_embedder_tokens.bert_model.encoder.layer.11.attention.self.value.bias
2019-04-25 07:23:12,419 - INFO - allennlp.training.trainer - word_embeddings.token_embedder_tokens.bert_model.encoder.layer.11.attention.output.dense.weight
2019-04-25 07:23:12,419 - INFO - allennlp.training.trainer - word_embeddings.token_embedder_tokens.bert_model.encoder.layer.11.attention.output.dense.bias
2019-04-25 07:23:12,419 - INFO - allennlp.training.trainer - word_embeddings.token_embedder_tokens.bert_model.encoder.layer.11.attention.output.LayerNorm.weight
2019-04-25 07:23:12,419 - INFO - allennlp.training.trainer - word_embeddings.token_embedder_tokens.bert_model.encoder.layer.11.attention.output.LayerNorm.bias
2019-04-25 07:23:12,419 - INFO - allennlp.training.trainer - word_embeddings.token_embedder_tokens.bert_model.encoder.layer.11.intermediate.dense.weight
2019-04-25 07:23:12,419 - INFO - allennlp.training.trainer - word_embeddings.token_embedder_tokens.bert_model.encoder.layer.11.intermediate.dense.bias
2019-04-25 07:23:12,419 - INFO - allennlp.training.trainer - word_embeddings.token_embedder_tokens.bert_model.encoder.layer.11.output.dense.weight
2019-04-25 07:23:12,419 - INFO - allennlp.training.trainer - word_embeddings.token_embedder_tokens.bert_model.encoder.layer.11.output.dense.bias
2019-04-25 07:23:12,419 - INFO - allennlp.training.trainer - word_embeddings.token_embedder_tokens.bert_model.encoder.layer.11.output.LayerNorm.weight
2019-04-25 07:23:12,420 - INFO - allennlp.training.trainer - word_embeddings.token_embedder_tokens.bert_model.encoder.layer.11.output.LayerNorm.bias
2019-04-25 07:23:12,420 - INFO - allennlp.training.trainer - word_embeddings.token_embedder_tokens.bert_model.pooler.dense.weight
2019-04-25 07:23:12,420 - INFO - allennlp.training.trainer - word_embeddings.token_embedder_tokens.bert_model.pooler.dense.bias
2019-04-25 07:23:12,420 - INFO - allennlp.training.trainer - Following parameters are Tunable (with gradient):
2019-04-25 07:23:12,420 - INFO - allennlp.training.trainer - word_embeddings.token_embedder_tokens._scalar_mix.gamma
2019-04-25 07:23:12,420 - INFO - allennlp.training.trainer - word_embeddings.token_embedder_tokens._scalar_mix.scalar_parameters.0
2019-04-25 07:23:12,420 - INFO - allennlp.training.trainer - word_embeddings.token_embedder_tokens._scalar_mix.scalar_parameters.1
2019-04-25 07:23:12,420 - INFO - allennlp.training.trainer - word_embeddings.token_embedder_tokens._scalar_mix.scalar_parameters.2
2019-04-25 07:23:12,420 - INFO - allennlp.training.trainer - word_embeddings.token_embedder_tokens._scalar_mix.scalar_parameters.3
2019-04-25 07:23:12,420 - INFO - allennlp.training.trainer - word_embeddings.token_embedder_tokens._scalar_mix.scalar_parameters.4
2019-04-25 07:23:12,420 - INFO - allennlp.training.trainer - word_embeddings.token_embedder_tokens._scalar_mix.scalar_parameters.5
2019-04-25 07:23:12,420 - INFO - allennlp.training.trainer - word_embeddings.token_embedder_tokens._scalar_mix.scalar_parameters.6
2019-04-25 07:23:12,420 - INFO - allennlp.training.trainer - word_embeddings.token_embedder_tokens._scalar_mix.scalar_parameters.7
2019-04-25 07:23:12,420 - INFO - allennlp.training.trainer - word_embeddings.token_embedder_tokens._scalar_mix.scalar_parameters.8
2019-04-25 07:23:12,420 - INFO - allennlp.training.trainer - word_embeddings.token_embedder_tokens._scalar_mix.scalar_parameters.9
2019-04-25 07:23:12,420 - INFO - allennlp.training.trainer - word_embeddings.token_embedder_tokens._scalar_mix.scalar_parameters.10
2019-04-25 07:23:12,420 - INFO - allennlp.training.trainer - word_embeddings.token_embedder_tokens._scalar_mix.scalar_parameters.11
2019-04-25 07:23:12,420 - INFO - allennlp.training.trainer - encoder._module.weight_ih_l0
2019-04-25 07:23:12,420 - INFO - allennlp.training.trainer - encoder._module.weight_hh_l0
2019-04-25 07:23:12,420 - INFO - allennlp.training.trainer - encoder._module.bias_ih_l0
2019-04-25 07:23:12,420 - INFO - allennlp.training.trainer - encoder._module.bias_hh_l0
2019-04-25 07:23:12,420 - INFO - allennlp.training.trainer - linear.weight
2019-04-25 07:23:12,420 - INFO - allennlp.training.trainer - linear.bias
2019-04-25 07:23:12,420 - INFO - allennlp.common.params - trainer.patience = 5
2019-04-25 07:23:12,421 - INFO - allennlp.common.params - trainer.validation_metric = -loss
2019-04-25 07:23:12,421 - INFO - allennlp.common.params - trainer.shuffle = True
2019-04-25 07:23:12,421 - INFO - allennlp.common.params - trainer.num_epochs = 20
2019-04-25 07:23:12,421 - INFO - allennlp.common.params - trainer.cuda_device = -1
2019-04-25 07:23:12,421 - INFO - allennlp.common.params - trainer.grad_norm = None
2019-04-25 07:23:12,421 - INFO - allennlp.common.params - trainer.grad_clipping = None
2019-04-25 07:23:12,421 - INFO - allennlp.common.params - trainer.learning_rate_scheduler = None
2019-04-25 07:23:12,421 - INFO - allennlp.common.params - trainer.momentum_scheduler = None
2019-04-25 07:23:12,422 - INFO - allennlp.common.params - trainer.optimizer = adam
2019-04-25 07:23:12,422 - INFO - allennlp.common.params - parameter_groups = None
2019-04-25 07:23:12,422 - INFO - allennlp.training.optimizers - Number of trainable parameters: 460434
2019-04-25 07:23:12,422 - INFO - allennlp.common.params - infer_type_and_cast = True
2019-04-25 07:23:12,422 - INFO - allennlp.common.params - Converting Params object to dict; logging of default values will not occur when dictionary parameters are used subsequently.
2019-04-25 07:23:12,422 - INFO - allennlp.common.params - CURRENTLY DEFINED PARAMETERS: 
2019-04-25 07:23:12,422 - INFO - allennlp.common.params - trainer.num_serialized_models_to_keep = 20
2019-04-25 07:23:12,423 - INFO - allennlp.common.params - trainer.keep_serialized_model_every_num_seconds = None
2019-04-25 07:23:12,423 - INFO - allennlp.common.params - trainer.model_save_interval = None
2019-04-25 07:23:12,423 - INFO - allennlp.common.params - trainer.summary_interval = 100
2019-04-25 07:23:12,423 - INFO - allennlp.common.params - trainer.histogram_interval = None
2019-04-25 07:23:12,423 - INFO - allennlp.common.params - trainer.should_log_parameter_statistics = True
2019-04-25 07:23:12,423 - INFO - allennlp.common.params - trainer.should_log_learning_rate = False
2019-04-25 07:23:12,423 - INFO - allennlp.common.params - trainer.log_batch_size_period = None
2019-04-25 07:23:12,463 - INFO - allennlp.training.trainer - Beginning training.
2019-04-25 07:23:12,464 - INFO - allennlp.training.trainer - Epoch 0/19
2019-04-25 07:23:12,464 - INFO - allennlp.training.trainer - Peak CPU memory usage MB: 1201.052
2019-04-25 07:23:12,485 - INFO - allennlp.training.trainer - Training
2019-04-25 07:28:26,494 - INFO - allennlp.training.trainer - Validating
2019-04-25 07:29:07,372 - INFO - allennlp.training.tensorboard_writer -                   Training |  Validation
2019-04-25 07:29:07,372 - INFO - allennlp.training.tensorboard_writer - recall        |     0.119  |     0.129
2019-04-25 07:29:07,373 - INFO - allennlp.training.tensorboard_writer - precision     |     0.430  |     0.600
2019-04-25 07:29:07,373 - INFO - allennlp.training.tensorboard_writer - loss          |     1.320  |     1.216
2019-04-25 07:29:07,374 - INFO - allennlp.training.tensorboard_writer - cpu_memory_MB |  1201.052  |       N/A
2019-04-25 07:29:07,374 - INFO - allennlp.training.tensorboard_writer - f1_measure    |     0.187  |     0.213
2019-04-25 07:29:07,375 - INFO - allennlp.training.tensorboard_writer - accuracy      |     0.415  |     0.475
2019-04-25 07:29:07,675 - INFO - allennlp.training.checkpointer - Best validation performance so far. Copying weights to 'sst-model-bert/best.th'.
2019-04-25 07:29:08,020 - INFO - allennlp.training.trainer - Epoch duration: 00:05:55
2019-04-25 07:29:08,020 - INFO - allennlp.training.trainer - Estimated training time remaining: 1:52:35
2019-04-25 07:29:08,020 - INFO - allennlp.training.trainer - Epoch 1/19
2019-04-25 07:29:08,020 - INFO - allennlp.training.trainer - Peak CPU memory usage MB: 1339.612
2019-04-25 07:29:08,045 - INFO - allennlp.training.trainer - Training
2019-04-25 07:35:27,394 - INFO - allennlp.training.trainer - Validating
2019-04-25 07:36:10,047 - INFO - allennlp.training.tensorboard_writer -                   Training |  Validation
2019-04-25 07:36:10,047 - INFO - allennlp.training.tensorboard_writer - recall        |     0.315  |     0.353
2019-04-25 07:36:10,048 - INFO - allennlp.training.tensorboard_writer - precision     |     0.545  |     0.521
2019-04-25 07:36:10,048 - INFO - allennlp.training.tensorboard_writer - loss          |     1.131  |     1.160
2019-04-25 07:36:10,049 - INFO - allennlp.training.tensorboard_writer - cpu_memory_MB |  1339.612  |       N/A
2019-04-25 07:36:10,049 - INFO - allennlp.training.tensorboard_writer - f1_measure    |     0.399  |     0.421
2019-04-25 07:36:10,049 - INFO - allennlp.training.tensorboard_writer - accuracy      |     0.507  |     0.500
2019-04-25 07:36:10,340 - INFO - allennlp.training.checkpointer - Best validation performance so far. Copying weights to 'sst-model-bert/best.th'.
2019-04-25 07:36:11,027 - INFO - allennlp.training.trainer - Epoch duration: 00:07:03
2019-04-25 07:36:11,028 - INFO - allennlp.training.trainer - Estimated training time remaining: 1:56:47
2019-04-25 07:36:11,028 - INFO - allennlp.training.trainer - Epoch 2/19
2019-04-25 07:36:11,028 - INFO - allennlp.training.trainer - Peak CPU memory usage MB: 1357.236
2019-04-25 07:36:11,066 - INFO - allennlp.training.trainer - Training
2019-04-25 07:42:44,146 - INFO - allennlp.training.trainer - Validating
2019-04-25 07:43:24,886 - INFO - allennlp.training.tensorboard_writer -                   Training |  Validation
2019-04-25 07:43:24,886 - INFO - allennlp.training.tensorboard_writer - recall        |     0.411  |     0.561
2019-04-25 07:43:24,887 - INFO - allennlp.training.tensorboard_writer - precision     |     0.618  |     0.404
2019-04-25 07:43:24,887 - INFO - allennlp.training.tensorboard_writer - loss          |     1.008  |     1.258
2019-04-25 07:43:24,888 - INFO - allennlp.training.tensorboard_writer - cpu_memory_MB |  1357.236  |       N/A
2019-04-25 07:43:24,888 - INFO - allennlp.training.tensorboard_writer - f1_measure    |     0.494  |     0.470
2019-04-25 07:43:24,889 - INFO - allennlp.training.tensorboard_writer - accuracy      |     0.570  |     0.427
2019-04-25 07:43:25,183 - INFO - allennlp.training.trainer - Epoch duration: 00:07:14
2019-04-25 07:43:25,183 - INFO - allennlp.training.trainer - Estimated training time remaining: 1:54:32
2019-04-25 07:43:25,183 - INFO - allennlp.training.trainer - Epoch 3/19
2019-04-25 07:43:25,183 - INFO - allennlp.training.trainer - Peak CPU memory usage MB: 1357.236
2019-04-25 07:43:25,212 - INFO - allennlp.training.trainer - Training
2019-04-25 07:49:29,358 - INFO - allennlp.training.trainer - Validating
2019-04-25 07:50:22,642 - INFO - allennlp.training.tensorboard_writer -                   Training |  Validation
2019-04-25 07:50:22,643 - INFO - allennlp.training.tensorboard_writer - recall        |     0.563  |     0.353
2019-04-25 07:50:22,643 - INFO - allennlp.training.tensorboard_writer - precision     |     0.688  |     0.480
2019-04-25 07:50:22,643 - INFO - allennlp.training.tensorboard_writer - loss          |     0.838  |     1.319
2019-04-25 07:50:22,644 - INFO - allennlp.training.tensorboard_writer - cpu_memory_MB |  1357.236  |       N/A
2019-04-25 07:50:22,644 - INFO - allennlp.training.tensorboard_writer - f1_measure    |     0.619  |     0.407
2019-04-25 07:50:22,644 - INFO - allennlp.training.tensorboard_writer - accuracy      |     0.647  |     0.468
2019-04-25 07:50:22,905 - INFO - allennlp.training.trainer - Epoch duration: 00:06:57
2019-04-25 07:50:22,905 - INFO - allennlp.training.trainer - Estimated training time remaining: 1:48:41
2019-04-25 07:50:22,906 - INFO - allennlp.training.trainer - Epoch 4/19
2019-04-25 07:50:22,906 - INFO - allennlp.training.trainer - Peak CPU memory usage MB: 1357.236
2019-04-25 07:50:22,933 - INFO - allennlp.training.trainer - Training
2019-04-25 07:56:31,894 - INFO - allennlp.training.trainer - Validating
2019-04-25 07:57:17,335 - INFO - allennlp.training.tensorboard_writer -                   Training |  Validation
2019-04-25 07:57:17,335 - INFO - allennlp.training.tensorboard_writer - recall        |     0.689  |     0.281
2019-04-25 07:57:17,336 - INFO - allennlp.training.tensorboard_writer - precision     |     0.788  |     0.429
2019-04-25 07:57:17,337 - INFO - allennlp.training.tensorboard_writer - loss          |     0.643  |     1.350
2019-04-25 07:57:17,337 - INFO - allennlp.training.tensorboard_writer - cpu_memory_MB |  1357.236  |       N/A
2019-04-25 07:57:17,337 - INFO - allennlp.training.tensorboard_writer - f1_measure    |     0.735  |     0.339
2019-04-25 07:57:17,338 - INFO - allennlp.training.tensorboard_writer - accuracy      |     0.750  |     0.453
2019-04-25 07:57:17,670 - INFO - allennlp.training.trainer - Epoch duration: 00:06:54
2019-04-25 07:57:17,670 - INFO - allennlp.training.trainer - Estimated training time remaining: 1:42:15
2019-04-25 07:57:17,670 - INFO - allennlp.training.trainer - Epoch 5/19
2019-04-25 07:57:17,671 - INFO - allennlp.training.trainer - Peak CPU memory usage MB: 1357.236
2019-04-25 07:57:17,706 - INFO - allennlp.training.trainer - Training
2019-04-25 08:04:49,502 - INFO - allennlp.training.trainer - Validating
2019-04-25 08:05:42,689 - INFO - allennlp.training.tensorboard_writer -                   Training |  Validation
2019-04-25 08:05:42,689 - INFO - allennlp.training.tensorboard_writer - recall        |     0.843  |     0.302
2019-04-25 08:05:42,690 - INFO - allennlp.training.tensorboard_writer - precision     |     0.883  |     0.412
2019-04-25 08:05:42,691 - INFO - allennlp.training.tensorboard_writer - loss          |     0.423  |     1.647
2019-04-25 08:05:42,691 - INFO - allennlp.training.tensorboard_writer - cpu_memory_MB |  1357.236  |       N/A
2019-04-25 08:05:42,692 - INFO - allennlp.training.tensorboard_writer - f1_measure    |     0.863  |     0.349
2019-04-25 08:05:42,692 - INFO - allennlp.training.tensorboard_writer - accuracy      |     0.853  |     0.461
2019-04-25 08:05:43,017 - INFO - allennlp.training.trainer - Epoch duration: 00:08:25
2019-04-25 08:05:43,017 - INFO - allennlp.training.trainer - Estimated training time remaining: 1:39:11
2019-04-25 08:05:43,017 - INFO - allennlp.training.trainer - Epoch 6/19
2019-04-25 08:05:43,017 - INFO - allennlp.training.trainer - Peak CPU memory usage MB: 1357.236
2019-04-25 08:05:43,051 - INFO - allennlp.training.trainer - Training
2019-04-25 08:13:03,412 - INFO - allennlp.training.trainer - Validating
2019-04-25 08:13:58,475 - INFO - allennlp.training.trainer - Ran out of patience.  Stopping training.
2019-04-25 08:13:58,476 - INFO - allennlp.training.checkpointer - loading best weights
